2023-01-16 10:43:51.470 - INFO 18488 [           main] com.example.lirui.LiruiApplication       55: Starting LiruiApplication on DESKTOP-TVV0QEF with PID 18488 (D:\lirui\target\classes started by 12064 in D:\lirui)
2023-01-16 10:43:51.472 - INFO 18488 [           main] com.example.lirui.LiruiApplication       655: The following profiles are active: dev
2023-01-16 10:43:52.492 - INFO 18488 [           main] trationDelegate$BeanPostProcessorChecker 330: Bean 'org.springframework.transaction.annotation.ProxyTransactionManagementConfiguration' of type [org.springframework.transaction.annotation.ProxyTransactionManagementConfiguration] is not eligible for getting processed by all BeanPostProcessors (for example: not eligible for auto-proxying)
2023-01-16 10:43:52.675 - INFO 18488 [           main] o.s.b.w.embedded.tomcat.TomcatWebServer  92: Tomcat initialized with port(s): 9999 (http)
2023-01-16 10:43:52.681 - INFO 18488 [           main] o.a.coyote.http11.Http11NioProtocol      173: Initializing ProtocolHandler ["http-nio-9999"]
2023-01-16 10:43:52.682 - INFO 18488 [           main] o.apache.catalina.core.StandardService   173: Starting service [Tomcat]
2023-01-16 10:43:52.682 - INFO 18488 [           main] org.apache.catalina.core.StandardEngine  173: Starting Servlet engine: [Apache Tomcat/9.0.29]
2023-01-16 10:43:52.683 - INFO 18488 [           main] o.a.catalina.core.AprLifecycleListener   173: Loaded APR based Apache Tomcat Native library [1.2.31] using APR version [1.7.0].
2023-01-16 10:43:52.683 - INFO 18488 [           main] o.a.catalina.core.AprLifecycleListener   173: APR capabilities: IPv6 [true], sendfile [true], accept filters [false], random [true].
2023-01-16 10:43:52.683 - INFO 18488 [           main] o.a.catalina.core.AprLifecycleListener   173: APR/OpenSSL configuration: useAprConnector [false], useOpenSSL [true]
2023-01-16 10:43:52.720 - INFO 18488 [           main] o.a.catalina.core.AprLifecycleListener   173: OpenSSL successfully initialized [OpenSSL 1.1.1l  24 Aug 2021]
2023-01-16 10:43:52.781 - INFO 18488 [           main] o.a.c.c.C.[Tomcat].[localhost].[/]       173: Initializing Spring embedded WebApplicationContext
2023-01-16 10:43:52.781 - INFO 18488 [           main] o.s.web.context.ContextLoader            284: Root WebApplicationContext: initialization completed in 1276 ms
2023-01-16 10:43:52.902 - INFO 18488 [           main] c.a.d.s.b.a.DruidDataSourceAutoConfigure 55: Init DruidDataSource
2023-01-16 10:43:54.996 - INFO 18488 [           main] com.alibaba.druid.pool.DruidDataSource   985: {dataSource-1} inited
2023-01-16 10:43:55.719 - INFO 18488 [           main] pertySourcedRequestMappingHandlerMapping 69: Mapped URL path [/v2/api-docs] onto method [springfox.documentation.swagger2.web.Swagger2Controller#getDocumentation(String, HttpServletRequest)]
2023-01-16 10:43:55.784 - INFO 18488 [           main] o.s.s.concurrent.ThreadPoolTaskExecutor  171: Initializing ExecutorService 'applicationTaskExecutor'
2023-01-16 10:43:55.901 - INFO 18488 [           main] d.s.w.p.DocumentationPluginsBootstrapper 160: Context refreshed
2023-01-16 10:43:55.914 - INFO 18488 [           main] d.s.w.p.DocumentationPluginsBootstrapper 163: Found 1 custom documentation plugin(s)
2023-01-16 10:43:55.937 - INFO 18488 [           main] s.d.s.w.s.ApiListingReferenceScanner     41: Scanning for api listing references
2023-01-16 10:43:56.039 - INFO 18488 [           main] o.a.coyote.http11.Http11NioProtocol      173: Starting ProtocolHandler ["http-nio-9999"]
2023-01-16 10:43:56.055 - INFO 18488 [           main] o.s.b.w.embedded.tomcat.TomcatWebServer  204: Tomcat started on port(s): 9999 (http) with context path ''
2023-01-16 10:43:56.057 - INFO 18488 [           main] com.example.lirui.LiruiApplication       61: Started LiruiApplication in 4.892 seconds (JVM running for 5.683)
2023-01-16 10:45:43.561 - INFO 18488 [extShutdownHook] o.s.s.concurrent.ThreadPoolTaskExecutor  208: Shutting down ExecutorService 'applicationTaskExecutor'
2023-01-16 10:45:43.564 - INFO 18488 [extShutdownHook] com.alibaba.druid.pool.DruidDataSource   2105: {dataSource-1} closing ...
2023-01-16 10:45:43.566 - INFO 18488 [extShutdownHook] com.alibaba.druid.pool.DruidDataSource   2178: {dataSource-1} closed
2023-01-16 10:45:46.156 - INFO 21616 [           main] com.example.lirui.LiruiApplication       55: Starting LiruiApplication on DESKTOP-TVV0QEF with PID 21616 (D:\lirui\target\classes started by 12064 in D:\lirui)
2023-01-16 10:45:46.157 - INFO 21616 [           main] com.example.lirui.LiruiApplication       655: The following profiles are active: dev
2023-01-16 10:45:46.782 - INFO 21616 [           main] trationDelegate$BeanPostProcessorChecker 330: Bean 'org.springframework.transaction.annotation.ProxyTransactionManagementConfiguration' of type [org.springframework.transaction.annotation.ProxyTransactionManagementConfiguration] is not eligible for getting processed by all BeanPostProcessors (for example: not eligible for auto-proxying)
2023-01-16 10:45:46.910 - INFO 21616 [           main] o.s.b.w.embedded.tomcat.TomcatWebServer  92: Tomcat initialized with port(s): 9999 (http)
2023-01-16 10:45:46.915 - INFO 21616 [           main] o.a.coyote.http11.Http11NioProtocol      173: Initializing ProtocolHandler ["http-nio-9999"]
2023-01-16 10:45:46.916 - INFO 21616 [           main] o.apache.catalina.core.StandardService   173: Starting service [Tomcat]
2023-01-16 10:45:46.916 - INFO 21616 [           main] org.apache.catalina.core.StandardEngine  173: Starting Servlet engine: [Apache Tomcat/9.0.29]
2023-01-16 10:45:46.917 - INFO 21616 [           main] o.a.catalina.core.AprLifecycleListener   173: Loaded APR based Apache Tomcat Native library [1.2.31] using APR version [1.7.0].
2023-01-16 10:45:46.917 - INFO 21616 [           main] o.a.catalina.core.AprLifecycleListener   173: APR capabilities: IPv6 [true], sendfile [true], accept filters [false], random [true].
2023-01-16 10:45:46.917 - INFO 21616 [           main] o.a.catalina.core.AprLifecycleListener   173: APR/OpenSSL configuration: useAprConnector [false], useOpenSSL [true]
2023-01-16 10:45:46.919 - INFO 21616 [           main] o.a.catalina.core.AprLifecycleListener   173: OpenSSL successfully initialized [OpenSSL 1.1.1l  24 Aug 2021]
2023-01-16 10:45:46.966 - INFO 21616 [           main] o.a.c.c.C.[Tomcat].[localhost].[/]       173: Initializing Spring embedded WebApplicationContext
2023-01-16 10:45:46.966 - INFO 21616 [           main] o.s.web.context.ContextLoader            284: Root WebApplicationContext: initialization completed in 776 ms
2023-01-16 10:45:47.073 - INFO 21616 [           main] c.a.d.s.b.a.DruidDataSourceAutoConfigure 55: Init DruidDataSource
2023-01-16 10:45:48.621 - INFO 21616 [           main] com.alibaba.druid.pool.DruidDataSource   985: {dataSource-1} inited
2023-01-16 10:45:49.313 - INFO 21616 [           main] pertySourcedRequestMappingHandlerMapping 69: Mapped URL path [/v2/api-docs] onto method [springfox.documentation.swagger2.web.Swagger2Controller#getDocumentation(String, HttpServletRequest)]
2023-01-16 10:45:49.378 - INFO 21616 [           main] o.s.s.concurrent.ThreadPoolTaskExecutor  171: Initializing ExecutorService 'applicationTaskExecutor'
2023-01-16 10:45:49.482 - INFO 21616 [           main] d.s.w.p.DocumentationPluginsBootstrapper 160: Context refreshed
2023-01-16 10:45:49.491 - INFO 21616 [           main] d.s.w.p.DocumentationPluginsBootstrapper 163: Found 1 custom documentation plugin(s)
2023-01-16 10:45:49.508 - INFO 21616 [           main] s.d.s.w.s.ApiListingReferenceScanner     41: Scanning for api listing references
2023-01-16 10:45:49.600 - INFO 21616 [           main] o.a.coyote.http11.Http11NioProtocol      173: Starting ProtocolHandler ["http-nio-9999"]
2023-01-16 10:45:49.617 - INFO 21616 [           main] o.s.b.w.embedded.tomcat.TomcatWebServer  204: Tomcat started on port(s): 9999 (http) with context path ''
2023-01-16 10:45:49.619 - INFO 21616 [           main] com.example.lirui.LiruiApplication       61: Started LiruiApplication in 3.685 seconds (JVM running for 4.299)
2023-01-16 10:46:37.549 - INFO 21616 [extShutdownHook] o.s.s.concurrent.ThreadPoolTaskExecutor  208: Shutting down ExecutorService 'applicationTaskExecutor'
2023-01-16 10:46:37.551 - INFO 21616 [extShutdownHook] com.alibaba.druid.pool.DruidDataSource   2105: {dataSource-1} closing ...
2023-01-16 10:46:37.554 - INFO 21616 [extShutdownHook] com.alibaba.druid.pool.DruidDataSource   2178: {dataSource-1} closed
2023-01-16 10:46:41.910 - INFO 21600 [           main] com.example.lirui.LiruiApplication       55: Starting LiruiApplication on DESKTOP-TVV0QEF with PID 21600 (D:\lirui\target\classes started by 12064 in D:\lirui)
2023-01-16 10:46:41.913 - INFO 21600 [           main] com.example.lirui.LiruiApplication       655: The following profiles are active: dev
2023-01-16 10:46:42.563 - INFO 21600 [           main] trationDelegate$BeanPostProcessorChecker 330: Bean 'org.springframework.transaction.annotation.ProxyTransactionManagementConfiguration' of type [org.springframework.transaction.annotation.ProxyTransactionManagementConfiguration] is not eligible for getting processed by all BeanPostProcessors (for example: not eligible for auto-proxying)
2023-01-16 10:46:42.691 - INFO 21600 [           main] o.s.b.w.embedded.tomcat.TomcatWebServer  92: Tomcat initialized with port(s): 9999 (http)
2023-01-16 10:46:42.697 - INFO 21600 [           main] o.a.coyote.http11.Http11NioProtocol      173: Initializing ProtocolHandler ["http-nio-9999"]
2023-01-16 10:46:42.697 - INFO 21600 [           main] o.apache.catalina.core.StandardService   173: Starting service [Tomcat]
2023-01-16 10:46:42.697 - INFO 21600 [           main] org.apache.catalina.core.StandardEngine  173: Starting Servlet engine: [Apache Tomcat/9.0.29]
2023-01-16 10:46:42.698 - INFO 21600 [           main] o.a.catalina.core.AprLifecycleListener   173: Loaded APR based Apache Tomcat Native library [1.2.31] using APR version [1.7.0].
2023-01-16 10:46:42.698 - INFO 21600 [           main] o.a.catalina.core.AprLifecycleListener   173: APR capabilities: IPv6 [true], sendfile [true], accept filters [false], random [true].
2023-01-16 10:46:42.699 - INFO 21600 [           main] o.a.catalina.core.AprLifecycleListener   173: APR/OpenSSL configuration: useAprConnector [false], useOpenSSL [true]
2023-01-16 10:46:42.701 - INFO 21600 [           main] o.a.catalina.core.AprLifecycleListener   173: OpenSSL successfully initialized [OpenSSL 1.1.1l  24 Aug 2021]
2023-01-16 10:46:42.748 - INFO 21600 [           main] o.a.c.c.C.[Tomcat].[localhost].[/]       173: Initializing Spring embedded WebApplicationContext
2023-01-16 10:46:42.748 - INFO 21600 [           main] o.s.web.context.ContextLoader            284: Root WebApplicationContext: initialization completed in 802 ms
2023-01-16 10:46:42.860 - INFO 21600 [           main] c.a.d.s.b.a.DruidDataSourceAutoConfigure 55: Init DruidDataSource
2023-01-16 10:46:44.453 - INFO 21600 [           main] com.alibaba.druid.pool.DruidDataSource   985: {dataSource-1} inited
2023-01-16 10:46:45.147 - INFO 21600 [           main] pertySourcedRequestMappingHandlerMapping 69: Mapped URL path [/v2/api-docs] onto method [springfox.documentation.swagger2.web.Swagger2Controller#getDocumentation(String, HttpServletRequest)]
2023-01-16 10:46:45.208 - INFO 21600 [           main] o.s.s.concurrent.ThreadPoolTaskExecutor  171: Initializing ExecutorService 'applicationTaskExecutor'
2023-01-16 10:46:45.309 - INFO 21600 [           main] d.s.w.p.DocumentationPluginsBootstrapper 160: Context refreshed
2023-01-16 10:46:45.318 - INFO 21600 [           main] d.s.w.p.DocumentationPluginsBootstrapper 163: Found 1 custom documentation plugin(s)
2023-01-16 10:46:45.334 - INFO 21600 [           main] s.d.s.w.s.ApiListingReferenceScanner     41: Scanning for api listing references
2023-01-16 10:46:45.425 - INFO 21600 [           main] o.a.coyote.http11.Http11NioProtocol      173: Starting ProtocolHandler ["http-nio-9999"]
2023-01-16 10:46:45.444 - INFO 21600 [           main] o.s.b.w.embedded.tomcat.TomcatWebServer  204: Tomcat started on port(s): 9999 (http) with context path ''
2023-01-16 10:46:45.445 - INFO 21600 [           main] com.example.lirui.LiruiApplication       61: Started LiruiApplication in 3.764 seconds (JVM running for 4.37)
2023-01-16 10:47:30.695 - INFO 21600 [nio-9999-exec-3] o.a.c.c.C.[Tomcat].[localhost].[/]       173: Initializing Spring DispatcherServlet 'dispatcherServlet'
2023-01-16 10:47:30.695 - INFO 21600 [nio-9999-exec-3] o.s.web.servlet.DispatcherServlet        525: Initializing Servlet 'dispatcherServlet'
2023-01-16 10:47:30.699 - INFO 21600 [nio-9999-exec-3] o.s.web.servlet.DispatcherServlet        547: Completed initialization in 3 ms
2023-01-16 10:48:30.404 - INFO 21600 [extShutdownHook] o.s.s.concurrent.ThreadPoolTaskExecutor  208: Shutting down ExecutorService 'applicationTaskExecutor'
2023-01-16 10:48:30.406 - INFO 21600 [extShutdownHook] com.alibaba.druid.pool.DruidDataSource   2105: {dataSource-1} closing ...
2023-01-16 10:48:30.409 - INFO 21600 [extShutdownHook] com.alibaba.druid.pool.DruidDataSource   2178: {dataSource-1} closed
2023-01-16 10:54:28.354 - INFO 13160 [           main] com.example.lirui.LiruiApplication       55: Starting LiruiApplication on DESKTOP-TVV0QEF with PID 13160 (D:\lirui\target\classes started by 12064 in D:\lirui)
2023-01-16 10:54:28.356 - INFO 13160 [           main] com.example.lirui.LiruiApplication       655: The following profiles are active: dev
2023-01-16 10:54:28.980 - INFO 13160 [           main] trationDelegate$BeanPostProcessorChecker 330: Bean 'org.springframework.transaction.annotation.ProxyTransactionManagementConfiguration' of type [org.springframework.transaction.annotation.ProxyTransactionManagementConfiguration] is not eligible for getting processed by all BeanPostProcessors (for example: not eligible for auto-proxying)
2023-01-16 10:54:29.105 - INFO 13160 [           main] o.s.b.w.embedded.tomcat.TomcatWebServer  92: Tomcat initialized with port(s): 9999 (http)
2023-01-16 10:54:29.110 - INFO 13160 [           main] o.a.coyote.http11.Http11NioProtocol      173: Initializing ProtocolHandler ["http-nio-9999"]
2023-01-16 10:54:29.110 - INFO 13160 [           main] o.apache.catalina.core.StandardService   173: Starting service [Tomcat]
2023-01-16 10:54:29.110 - INFO 13160 [           main] org.apache.catalina.core.StandardEngine  173: Starting Servlet engine: [Apache Tomcat/9.0.29]
2023-01-16 10:54:29.111 - INFO 13160 [           main] o.a.catalina.core.AprLifecycleListener   173: Loaded APR based Apache Tomcat Native library [1.2.31] using APR version [1.7.0].
2023-01-16 10:54:29.111 - INFO 13160 [           main] o.a.catalina.core.AprLifecycleListener   173: APR capabilities: IPv6 [true], sendfile [true], accept filters [false], random [true].
2023-01-16 10:54:29.112 - INFO 13160 [           main] o.a.catalina.core.AprLifecycleListener   173: APR/OpenSSL configuration: useAprConnector [false], useOpenSSL [true]
2023-01-16 10:54:29.113 - INFO 13160 [           main] o.a.catalina.core.AprLifecycleListener   173: OpenSSL successfully initialized [OpenSSL 1.1.1l  24 Aug 2021]
2023-01-16 10:54:29.161 - INFO 13160 [           main] o.a.c.c.C.[Tomcat].[localhost].[/]       173: Initializing Spring embedded WebApplicationContext
2023-01-16 10:54:29.161 - INFO 13160 [           main] o.s.web.context.ContextLoader            284: Root WebApplicationContext: initialization completed in 774 ms
2023-01-16 10:54:29.255 - INFO 13160 [           main] c.a.d.s.b.a.DruidDataSourceAutoConfigure 55: Init DruidDataSource
2023-01-16 10:54:31.276 - INFO 13160 [           main] com.alibaba.druid.pool.DruidDataSource   985: {dataSource-1} inited
2023-01-16 10:54:31.946 - INFO 13160 [           main] pertySourcedRequestMappingHandlerMapping 69: Mapped URL path [/v2/api-docs] onto method [springfox.documentation.swagger2.web.Swagger2Controller#getDocumentation(String, HttpServletRequest)]
2023-01-16 10:54:32.009 - INFO 13160 [           main] o.s.s.concurrent.ThreadPoolTaskExecutor  171: Initializing ExecutorService 'applicationTaskExecutor'
2023-01-16 10:54:32.107 - INFO 13160 [           main] d.s.w.p.DocumentationPluginsBootstrapper 160: Context refreshed
2023-01-16 10:54:32.116 - INFO 13160 [           main] d.s.w.p.DocumentationPluginsBootstrapper 163: Found 1 custom documentation plugin(s)
2023-01-16 10:54:32.133 - INFO 13160 [           main] s.d.s.w.s.ApiListingReferenceScanner     41: Scanning for api listing references
2023-01-16 10:54:32.219 - INFO 13160 [           main] o.a.coyote.http11.Http11NioProtocol      173: Starting ProtocolHandler ["http-nio-9999"]
2023-01-16 10:54:32.236 - INFO 13160 [           main] o.s.b.w.embedded.tomcat.TomcatWebServer  204: Tomcat started on port(s): 9999 (http) with context path ''
2023-01-16 10:54:32.238 - INFO 13160 [           main] com.example.lirui.LiruiApplication       61: Started LiruiApplication in 4.112 seconds (JVM running for 4.704)
2023-01-16 10:55:37.062 - INFO 13160 [nio-9999-exec-4] o.a.c.c.C.[Tomcat].[localhost].[/]       173: Initializing Spring DispatcherServlet 'dispatcherServlet'
2023-01-16 10:55:37.062 - INFO 13160 [nio-9999-exec-4] o.s.web.servlet.DispatcherServlet        525: Initializing Servlet 'dispatcherServlet'
2023-01-16 10:55:37.066 - INFO 13160 [nio-9999-exec-4] o.s.web.servlet.DispatcherServlet        547: Completed initialization in 3 ms
2023-01-16 11:19:08.407 - INFO 13160 [extShutdownHook] o.s.s.concurrent.ThreadPoolTaskExecutor  208: Shutting down ExecutorService 'applicationTaskExecutor'
2023-01-16 11:19:08.408 - INFO 13160 [extShutdownHook] com.alibaba.druid.pool.DruidDataSource   2105: {dataSource-1} closing ...
2023-01-16 11:19:08.409 - INFO 13160 [extShutdownHook] com.alibaba.druid.pool.DruidDataSource   2178: {dataSource-1} closed
2023-01-16 11:19:13.662 - INFO 19452 [           main] com.example.lirui.LiruiApplication       55: Starting LiruiApplication on DESKTOP-TVV0QEF with PID 19452 (D:\lirui\target\classes started by 12064 in D:\lirui)
2023-01-16 11:19:13.664 - INFO 19452 [           main] com.example.lirui.LiruiApplication       655: The following profiles are active: dev
2023-01-16 11:19:14.282 - INFO 19452 [           main] trationDelegate$BeanPostProcessorChecker 330: Bean 'org.springframework.transaction.annotation.ProxyTransactionManagementConfiguration' of type [org.springframework.transaction.annotation.ProxyTransactionManagementConfiguration] is not eligible for getting processed by all BeanPostProcessors (for example: not eligible for auto-proxying)
2023-01-16 11:19:14.412 - INFO 19452 [           main] o.s.b.w.embedded.tomcat.TomcatWebServer  92: Tomcat initialized with port(s): 9999 (http)
2023-01-16 11:19:14.417 - INFO 19452 [           main] o.a.coyote.http11.Http11NioProtocol      173: Initializing ProtocolHandler ["http-nio-9999"]
2023-01-16 11:19:14.418 - INFO 19452 [           main] o.apache.catalina.core.StandardService   173: Starting service [Tomcat]
2023-01-16 11:19:14.418 - INFO 19452 [           main] org.apache.catalina.core.StandardEngine  173: Starting Servlet engine: [Apache Tomcat/9.0.29]
2023-01-16 11:19:14.419 - INFO 19452 [           main] o.a.catalina.core.AprLifecycleListener   173: Loaded APR based Apache Tomcat Native library [1.2.31] using APR version [1.7.0].
2023-01-16 11:19:14.419 - INFO 19452 [           main] o.a.catalina.core.AprLifecycleListener   173: APR capabilities: IPv6 [true], sendfile [true], accept filters [false], random [true].
2023-01-16 11:19:14.419 - INFO 19452 [           main] o.a.catalina.core.AprLifecycleListener   173: APR/OpenSSL configuration: useAprConnector [false], useOpenSSL [true]
2023-01-16 11:19:14.421 - INFO 19452 [           main] o.a.catalina.core.AprLifecycleListener   173: OpenSSL successfully initialized [OpenSSL 1.1.1l  24 Aug 2021]
2023-01-16 11:19:14.467 - INFO 19452 [           main] o.a.c.c.C.[Tomcat].[localhost].[/]       173: Initializing Spring embedded WebApplicationContext
2023-01-16 11:19:14.468 - INFO 19452 [           main] o.s.web.context.ContextLoader            284: Root WebApplicationContext: initialization completed in 770 ms
2023-01-16 11:19:14.563 - INFO 19452 [           main] c.a.d.s.b.a.DruidDataSourceAutoConfigure 55: Init DruidDataSource
2023-01-16 11:19:15.510 - INFO 19452 [           main] com.alibaba.druid.pool.DruidDataSource   985: {dataSource-1} inited
2023-01-16 11:19:16.175 - INFO 19452 [           main] pertySourcedRequestMappingHandlerMapping 69: Mapped URL path [/v2/api-docs] onto method [springfox.documentation.swagger2.web.Swagger2Controller#getDocumentation(String, HttpServletRequest)]
2023-01-16 11:19:16.230 - INFO 19452 [           main] o.s.s.concurrent.ThreadPoolTaskExecutor  171: Initializing ExecutorService 'applicationTaskExecutor'
2023-01-16 11:19:16.338 - INFO 19452 [           main] d.s.w.p.DocumentationPluginsBootstrapper 160: Context refreshed
2023-01-16 11:19:16.348 - INFO 19452 [           main] d.s.w.p.DocumentationPluginsBootstrapper 163: Found 1 custom documentation plugin(s)
2023-01-16 11:19:16.363 - INFO 19452 [           main] s.d.s.w.s.ApiListingReferenceScanner     41: Scanning for api listing references
2023-01-16 11:19:16.447 - INFO 19452 [           main] o.a.coyote.http11.Http11NioProtocol      173: Starting ProtocolHandler ["http-nio-9999"]
2023-01-16 11:19:16.463 - INFO 19452 [           main] o.s.b.w.embedded.tomcat.TomcatWebServer  204: Tomcat started on port(s): 9999 (http) with context path ''
2023-01-16 11:19:16.465 - INFO 19452 [           main] com.example.lirui.LiruiApplication       61: Started LiruiApplication in 3.025 seconds (JVM running for 3.62)
2023-01-16 11:19:31.138 - INFO 19452 [nio-9999-exec-1] o.a.c.c.C.[Tomcat].[localhost].[/]       173: Initializing Spring DispatcherServlet 'dispatcherServlet'
2023-01-16 11:19:31.138 - INFO 19452 [nio-9999-exec-1] o.s.web.servlet.DispatcherServlet        525: Initializing Servlet 'dispatcherServlet'
2023-01-16 11:19:31.142 - INFO 19452 [nio-9999-exec-1] o.s.web.servlet.DispatcherServlet        547: Completed initialization in 4 ms
2023-01-16 11:19:44.167 - INFO 19452 [extShutdownHook] o.s.s.concurrent.ThreadPoolTaskExecutor  208: Shutting down ExecutorService 'applicationTaskExecutor'
2023-01-16 11:19:44.168 - INFO 19452 [extShutdownHook] com.alibaba.druid.pool.DruidDataSource   2105: {dataSource-1} closing ...
2023-01-16 11:19:44.171 - INFO 19452 [extShutdownHook] com.alibaba.druid.pool.DruidDataSource   2178: {dataSource-1} closed
2023-01-16 11:19:46.524 - INFO 6832 [           main] com.example.lirui.LiruiApplication       55: Starting LiruiApplication on DESKTOP-TVV0QEF with PID 6832 (D:\lirui\target\classes started by 12064 in D:\lirui)
2023-01-16 11:19:46.526 - INFO 6832 [           main] com.example.lirui.LiruiApplication       655: The following profiles are active: dev
2023-01-16 11:19:47.130 - INFO 6832 [           main] trationDelegate$BeanPostProcessorChecker 330: Bean 'org.springframework.transaction.annotation.ProxyTransactionManagementConfiguration' of type [org.springframework.transaction.annotation.ProxyTransactionManagementConfiguration] is not eligible for getting processed by all BeanPostProcessors (for example: not eligible for auto-proxying)
2023-01-16 11:19:47.258 - INFO 6832 [           main] o.s.b.w.embedded.tomcat.TomcatWebServer  92: Tomcat initialized with port(s): 9999 (http)
2023-01-16 11:19:47.263 - INFO 6832 [           main] o.a.coyote.http11.Http11NioProtocol      173: Initializing ProtocolHandler ["http-nio-9999"]
2023-01-16 11:19:47.264 - INFO 6832 [           main] o.apache.catalina.core.StandardService   173: Starting service [Tomcat]
2023-01-16 11:19:47.264 - INFO 6832 [           main] org.apache.catalina.core.StandardEngine  173: Starting Servlet engine: [Apache Tomcat/9.0.29]
2023-01-16 11:19:47.265 - INFO 6832 [           main] o.a.catalina.core.AprLifecycleListener   173: Loaded APR based Apache Tomcat Native library [1.2.31] using APR version [1.7.0].
2023-01-16 11:19:47.265 - INFO 6832 [           main] o.a.catalina.core.AprLifecycleListener   173: APR capabilities: IPv6 [true], sendfile [true], accept filters [false], random [true].
2023-01-16 11:19:47.265 - INFO 6832 [           main] o.a.catalina.core.AprLifecycleListener   173: APR/OpenSSL configuration: useAprConnector [false], useOpenSSL [true]
2023-01-16 11:19:47.268 - INFO 6832 [           main] o.a.catalina.core.AprLifecycleListener   173: OpenSSL successfully initialized [OpenSSL 1.1.1l  24 Aug 2021]
2023-01-16 11:19:47.315 - INFO 6832 [           main] o.a.c.c.C.[Tomcat].[localhost].[/]       173: Initializing Spring embedded WebApplicationContext
2023-01-16 11:19:47.315 - INFO 6832 [           main] o.s.web.context.ContextLoader            284: Root WebApplicationContext: initialization completed in 761 ms
2023-01-16 11:19:47.411 - INFO 6832 [           main] c.a.d.s.b.a.DruidDataSourceAutoConfigure 55: Init DruidDataSource
2023-01-16 11:19:48.387 - INFO 6832 [           main] com.alibaba.druid.pool.DruidDataSource   985: {dataSource-1} inited
2023-01-16 11:19:49.067 - INFO 6832 [           main] pertySourcedRequestMappingHandlerMapping 69: Mapped URL path [/v2/api-docs] onto method [springfox.documentation.swagger2.web.Swagger2Controller#getDocumentation(String, HttpServletRequest)]
2023-01-16 11:19:49.122 - INFO 6832 [           main] o.s.s.concurrent.ThreadPoolTaskExecutor  171: Initializing ExecutorService 'applicationTaskExecutor'
2023-01-16 11:19:49.232 - INFO 6832 [           main] d.s.w.p.DocumentationPluginsBootstrapper 160: Context refreshed
2023-01-16 11:19:49.242 - INFO 6832 [           main] d.s.w.p.DocumentationPluginsBootstrapper 163: Found 1 custom documentation plugin(s)
2023-01-16 11:19:49.258 - INFO 6832 [           main] s.d.s.w.s.ApiListingReferenceScanner     41: Scanning for api listing references
2023-01-16 11:19:49.344 - INFO 6832 [           main] o.a.coyote.http11.Http11NioProtocol      173: Starting ProtocolHandler ["http-nio-9999"]
2023-01-16 11:19:49.361 - INFO 6832 [           main] o.s.b.w.embedded.tomcat.TomcatWebServer  204: Tomcat started on port(s): 9999 (http) with context path ''
2023-01-16 11:19:49.363 - INFO 6832 [           main] com.example.lirui.LiruiApplication       61: Started LiruiApplication in 3.063 seconds (JVM running for 3.666)
2023-01-16 11:19:59.209 - INFO 6832 [nio-9999-exec-4] o.a.c.c.C.[Tomcat].[localhost].[/]       173: Initializing Spring DispatcherServlet 'dispatcherServlet'
2023-01-16 11:19:59.210 - INFO 6832 [nio-9999-exec-4] o.s.web.servlet.DispatcherServlet        525: Initializing Servlet 'dispatcherServlet'
2023-01-16 11:19:59.213 - INFO 6832 [nio-9999-exec-4] o.s.web.servlet.DispatcherServlet        547: Completed initialization in 3 ms
2023-01-16 11:21:09.525 - INFO 6832 [extShutdownHook] o.s.s.concurrent.ThreadPoolTaskExecutor  208: Shutting down ExecutorService 'applicationTaskExecutor'
2023-01-16 11:21:09.527 - INFO 6832 [extShutdownHook] com.alibaba.druid.pool.DruidDataSource   2105: {dataSource-1} closing ...
2023-01-16 11:21:09.529 - INFO 6832 [extShutdownHook] com.alibaba.druid.pool.DruidDataSource   2178: {dataSource-1} closed
2023-01-16 11:21:13.900 - INFO 11224 [           main] com.example.lirui.LiruiApplication       55: Starting LiruiApplication on DESKTOP-TVV0QEF with PID 11224 (D:\lirui\target\classes started by 12064 in D:\lirui)
2023-01-16 11:21:13.902 - INFO 11224 [           main] com.example.lirui.LiruiApplication       655: The following profiles are active: dev
2023-01-16 11:21:14.519 - INFO 11224 [           main] trationDelegate$BeanPostProcessorChecker 330: Bean 'org.springframework.transaction.annotation.ProxyTransactionManagementConfiguration' of type [org.springframework.transaction.annotation.ProxyTransactionManagementConfiguration] is not eligible for getting processed by all BeanPostProcessors (for example: not eligible for auto-proxying)
2023-01-16 11:21:14.646 - INFO 11224 [           main] o.s.b.w.embedded.tomcat.TomcatWebServer  92: Tomcat initialized with port(s): 9999 (http)
2023-01-16 11:21:14.651 - INFO 11224 [           main] o.a.coyote.http11.Http11NioProtocol      173: Initializing ProtocolHandler ["http-nio-9999"]
2023-01-16 11:21:14.652 - INFO 11224 [           main] o.apache.catalina.core.StandardService   173: Starting service [Tomcat]
2023-01-16 11:21:14.652 - INFO 11224 [           main] org.apache.catalina.core.StandardEngine  173: Starting Servlet engine: [Apache Tomcat/9.0.29]
2023-01-16 11:21:14.653 - INFO 11224 [           main] o.a.catalina.core.AprLifecycleListener   173: Loaded APR based Apache Tomcat Native library [1.2.31] using APR version [1.7.0].
2023-01-16 11:21:14.653 - INFO 11224 [           main] o.a.catalina.core.AprLifecycleListener   173: APR capabilities: IPv6 [true], sendfile [true], accept filters [false], random [true].
2023-01-16 11:21:14.653 - INFO 11224 [           main] o.a.catalina.core.AprLifecycleListener   173: APR/OpenSSL configuration: useAprConnector [false], useOpenSSL [true]
2023-01-16 11:21:14.655 - INFO 11224 [           main] o.a.catalina.core.AprLifecycleListener   173: OpenSSL successfully initialized [OpenSSL 1.1.1l  24 Aug 2021]
2023-01-16 11:21:14.701 - INFO 11224 [           main] o.a.c.c.C.[Tomcat].[localhost].[/]       173: Initializing Spring embedded WebApplicationContext
2023-01-16 11:21:14.702 - INFO 11224 [           main] o.s.web.context.ContextLoader            284: Root WebApplicationContext: initialization completed in 767 ms
2023-01-16 11:21:14.798 - INFO 11224 [           main] c.a.d.s.b.a.DruidDataSourceAutoConfigure 55: Init DruidDataSource
2023-01-16 11:21:15.826 - INFO 11224 [           main] com.alibaba.druid.pool.DruidDataSource   985: {dataSource-1} inited
2023-01-16 11:21:16.493 - INFO 11224 [           main] pertySourcedRequestMappingHandlerMapping 69: Mapped URL path [/v2/api-docs] onto method [springfox.documentation.swagger2.web.Swagger2Controller#getDocumentation(String, HttpServletRequest)]
2023-01-16 11:21:16.555 - INFO 11224 [           main] o.s.s.concurrent.ThreadPoolTaskExecutor  171: Initializing ExecutorService 'applicationTaskExecutor'
2023-01-16 11:21:16.658 - INFO 11224 [           main] d.s.w.p.DocumentationPluginsBootstrapper 160: Context refreshed
2023-01-16 11:21:16.667 - INFO 11224 [           main] d.s.w.p.DocumentationPluginsBootstrapper 163: Found 1 custom documentation plugin(s)
2023-01-16 11:21:16.684 - INFO 11224 [           main] s.d.s.w.s.ApiListingReferenceScanner     41: Scanning for api listing references
2023-01-16 11:21:16.767 - INFO 11224 [           main] o.a.coyote.http11.Http11NioProtocol      173: Starting ProtocolHandler ["http-nio-9999"]
2023-01-16 11:21:16.784 - INFO 11224 [           main] o.s.b.w.embedded.tomcat.TomcatWebServer  204: Tomcat started on port(s): 9999 (http) with context path ''
2023-01-16 11:21:16.786 - INFO 11224 [           main] com.example.lirui.LiruiApplication       61: Started LiruiApplication in 3.115 seconds (JVM running for 3.701)
2023-01-16 11:21:24.069 - INFO 11224 [nio-9999-exec-1] o.a.c.c.C.[Tomcat].[localhost].[/]       173: Initializing Spring DispatcherServlet 'dispatcherServlet'
2023-01-16 11:21:24.070 - INFO 11224 [nio-9999-exec-1] o.s.web.servlet.DispatcherServlet        525: Initializing Servlet 'dispatcherServlet'
2023-01-16 11:21:24.073 - INFO 11224 [nio-9999-exec-1] o.s.web.servlet.DispatcherServlet        547: Completed initialization in 3 ms
2023-01-16 13:51:17.313 - INFO 11224 [extShutdownHook] o.s.s.concurrent.ThreadPoolTaskExecutor  208: Shutting down ExecutorService 'applicationTaskExecutor'
2023-01-16 13:51:17.323 - INFO 11224 [extShutdownHook] com.alibaba.druid.pool.DruidDataSource   2105: {dataSource-1} closing ...
2023-01-16 13:51:17.331 - INFO 11224 [extShutdownHook] com.alibaba.druid.pool.DruidDataSource   2178: {dataSource-1} closed
